
The following files have been resolved:
   org.jboss:jandex:jar:2.0.5.Final:compile
   org.springframework:spring-webmvc:jar:5.2.2.RELEASE:compile
   javax.xml.bind:jaxb-api:jar:2.3.1:compile
   org.springframework.data:spring-data-jpa:jar:2.2.3.RELEASE:compile
   org.glassfish.jaxb:txw2:jar:2.3.1:compile
   com.sun.xml.fastinfoset:FastInfoset:jar:1.2.15:compile
   org.springframework:spring-orm:jar:5.2.2.RELEASE:compile
   org.springframework:spring-tx:jar:5.2.2.RELEASE:compile
   org.jboss.spec.javax.transaction:jboss-transaction-api_1.2_spec:jar:1.1.1.Final:compile
   org.apache.logging.log4j:log4j-api:jar:2.13.0:compile
   antlr:antlr:jar:2.7.7:compile
   org.springframework:spring-core:jar:5.2.2.RELEASE:compile
   org.slf4j:slf4j-api:jar:1.7.26:compile
   net.bytebuddy:byte-buddy:jar:1.9.11:compile
   com.fasterxml:classmate:jar:1.3.4:compile
   org.springframework:spring-test:jar:5.2.2.RELEASE:compile
   org.hibernate.common:hibernate-commons-annotations:jar:5.1.0.Final:compile
   org.springframework:spring-web:jar:5.2.2.RELEASE:compile
   org.jboss.logging:jboss-logging:jar:3.3.2.Final:compile
   org.hamcrest:hamcrest-core:jar:1.3:compile
   org.postgresql:postgresql:jar:42.2.9:compile
   javax.activation:javax.activation-api:jar:1.2.0:compile
   com.fasterxml.jackson.core:jackson-core:jar:2.10.1:compile
   org.jvnet.staxex:stax-ex:jar:1.8:compile
   org.hibernate:hibernate-core:jar:5.4.6.Final:compile
   org.aspectj:aspectjrt:jar:1.9.5:compile
   org.jboss.xnio:xnio-nio:jar:3.3.8.Final:runtime
   org.jboss.xnio:xnio-api:jar:3.3.8.Final:compile
   com.sun.istack:istack-commons-runtime:jar:3.0.7:compile
   org.springframework:spring-jdbc:jar:5.2.2.RELEASE:compile
   com.fasterxml.jackson.core:jackson-databind:jar:2.10.1:compile
   org.springframework:spring-beans:jar:5.2.2.RELEASE:compile
   io.undertow:undertow-servlet:jar:2.0.29.Final:compile
   org.springframework:spring-expression:jar:5.2.2.RELEASE:compile
   org.jboss.spec.javax.annotation:jboss-annotations-api_1.2_spec:jar:1.0.2.Final:compile
   org.springframework:spring-aop:jar:5.2.2.RELEASE:compile
   com.h2database:h2:jar:1.4.200:compile
   org.glassfish.jaxb:jaxb-runtime:jar:2.3.1:compile
   org.springframework:spring-jcl:jar:5.2.2.RELEASE:compile
   io.undertow:undertow-core:jar:2.0.29.Final:compile
   org.jboss.spec.javax.servlet:jboss-servlet-api_4.0_spec:jar:1.0.0.Final:compile
   org.springframework.data:spring-data-commons:jar:2.2.3.RELEASE:compile
   org.apache.logging.log4j:log4j-core:jar:2.13.0:compile
   junit:junit:jar:4.12:compile
   org.projectlombok:lombok:jar:1.18.10:compile
   com.fasterxml.jackson.core:jackson-annotations:jar:2.10.1:compile
   javax.persistence:javax.persistence-api:jar:2.2:compile
   org.javassist:javassist:jar:3.24.0-GA:compile
   org.springframework:spring-context:jar:5.2.2.RELEASE:compile
   org.dom4j:dom4j:jar:2.1.1:compile

